Student: sarwars
ArraySetTest passes (max 8): 0
BitSetTest passes (max 8): 0
Provides SetTest.java with at least 4 test cases (max 4): 0
No CheckStyle issues (max 2): 0
Only Java files checked in (max 2): 0
At least 3 git checkins (max 2): 2
--------------------------------------------------
cp: *.java: No such file or directory
ArraySetTest
ArraySetTest.java:14: error: cannot find symbol
      IntSet set = new ArraySet();
                       ^
  symbol:   class ArraySet
  location: class ArraySetTest
ArraySetTest.java:27: error: cannot find symbol
      IntSet set = new ArraySet();
                       ^
  symbol:   class ArraySet
  location: class ArraySetTest
ArraySetTest.java:42: error: cannot find symbol
      ArraySet set = new ArraySet();
      ^
  symbol:   class ArraySet
  location: class ArraySetTest
ArraySetTest.java:42: error: cannot find symbol
      ArraySet set = new ArraySet();
                         ^
  symbol:   class ArraySet
  location: class ArraySetTest
ArraySetTest.java:58: error: cannot find symbol
      ArraySet set = new ArraySet();
      ^
  symbol:   class ArraySet
  location: class ArraySetTest
ArraySetTest.java:58: error: cannot find symbol
      ArraySet set = new ArraySet();
                         ^
  symbol:   class ArraySet
  location: class ArraySetTest
ArraySetTest.java:76: error: cannot find symbol
      IntSet set = new ArraySet();
                       ^
  symbol:   class ArraySet
  location: class ArraySetTest
ArraySetTest.java:100: error: cannot find symbol
      IntSet set = new ArraySet();
                       ^
  symbol:   class ArraySet
  location: class ArraySetTest
ArraySetTest.java:123: error: cannot find symbol
      ArraySet set = new ArraySet();
      ^
  symbol:   class ArraySet
  location: class ArraySetTest
ArraySetTest.java:123: error: cannot find symbol
      ArraySet set = new ArraySet();
                         ^
  symbol:   class ArraySet
  location: class ArraySetTest
10 errors
Feb 28, 2019 12:43:58 AM org.junit.platform.launcher.core.DefaultLauncher handleThrowable
WARNING: TestEngine with ID 'junit-jupiter' failed to discover tests
org.junit.platform.commons.util.PreconditionViolationException: Could not load class with name: ArraySetTest
	at org.junit.platform.engine.discovery.ClassSelector.lambda$getJavaClass$0(ClassSelector.java:73)
	at java.util.Optional.orElseThrow(Optional.java:290)
	at org.junit.platform.engine.discovery.ClassSelector.getJavaClass(ClassSelector.java:72)
	at org.junit.jupiter.engine.discovery.DiscoverySelectorResolver.lambda$resolve$3(DiscoverySelectorResolver.java:69)
	at java.util.ArrayList.forEach(ArrayList.java:1257)
	at org.junit.jupiter.engine.discovery.DiscoverySelectorResolver.resolve(DiscoverySelectorResolver.java:68)
	at org.junit.jupiter.engine.discovery.DiscoverySelectorResolver.resolveSelectors(DiscoverySelectorResolver.java:50)
	at org.junit.jupiter.engine.JupiterTestEngine.discover(JupiterTestEngine.java:61)
	at org.junit.platform.launcher.core.DefaultLauncher.discoverEngineRoot(DefaultLauncher.java:130)
	at org.junit.platform.launcher.core.DefaultLauncher.discoverRoot(DefaultLauncher.java:117)
	at org.junit.platform.launcher.core.DefaultLauncher.execute(DefaultLauncher.java:90)
	at org.junit.platform.console.tasks.ConsoleTestExecutor.executeTests(ConsoleTestExecutor.java:65)
	at org.junit.platform.console.tasks.ConsoleTestExecutor.lambda$execute$0(ConsoleTestExecutor.java:57)
	at org.junit.platform.console.tasks.CustomContextClassLoaderExecutor.replaceThreadContextClassLoaderAndInvoke(CustomContextClassLoaderExecutor.java:41)
	at org.junit.platform.console.tasks.CustomContextClassLoaderExecutor.invoke(CustomContextClassLoaderExecutor.java:31)
	at org.junit.platform.console.tasks.ConsoleTestExecutor.execute(ConsoleTestExecutor.java:57)
	at org.junit.platform.console.ConsoleLauncher.executeTests(ConsoleLauncher.java:84)
	at org.junit.platform.console.ConsoleLauncher.execute(ConsoleLauncher.java:74)
	at org.junit.platform.console.ConsoleLauncher.execute(ConsoleLauncher.java:47)
	at org.junit.platform.console.ConsoleLauncher.main(ConsoleLauncher.java:39)

Feb 28, 2019 12:43:58 AM org.junit.platform.launcher.core.DefaultLauncher handleThrowable
WARNING: TestEngine with ID 'junit-vintage' failed to discover tests
org.junit.platform.commons.util.PreconditionViolationException: Could not load class with name: ArraySetTest
	at org.junit.platform.engine.discovery.ClassSelector.lambda$getJavaClass$0(ClassSelector.java:73)
	at java.util.Optional.orElseThrow(Optional.java:290)
	at org.junit.platform.engine.discovery.ClassSelector.getJavaClass(ClassSelector.java:72)
	at java.util.stream.ReferencePipeline$3$1.accept(ReferencePipeline.java:193)
	at java.util.ArrayList$ArrayListSpliterator.forEachRemaining(ArrayList.java:1382)
	at java.util.stream.AbstractPipeline.copyInto(AbstractPipeline.java:481)
	at java.util.stream.AbstractPipeline.wrapAndCopyInto(AbstractPipeline.java:471)
	at java.util.stream.ForEachOps$ForEachOp.evaluateSequential(ForEachOps.java:151)
	at java.util.stream.ForEachOps$ForEachOp$OfRef.evaluateSequential(ForEachOps.java:174)
	at java.util.stream.AbstractPipeline.evaluate(AbstractPipeline.java:234)
	at java.util.stream.ReferencePipeline.forEach(ReferencePipeline.java:418)
	at org.junit.vintage.engine.discovery.ClassSelectorResolver.resolve(ClassSelectorResolver.java:29)
	at org.junit.vintage.engine.discovery.VintageDiscoverer.collectTestClasses(VintageDiscoverer.java:64)
	at org.junit.vintage.engine.discovery.VintageDiscoverer.discover(VintageDiscoverer.java:51)
	at org.junit.vintage.engine.VintageTestEngine.discover(VintageTestEngine.java:61)
	at org.junit.platform.launcher.core.DefaultLauncher.discoverEngineRoot(DefaultLauncher.java:130)
	at org.junit.platform.launcher.core.DefaultLauncher.discoverRoot(DefaultLauncher.java:117)
	at org.junit.platform.launcher.core.DefaultLauncher.execute(DefaultLauncher.java:90)
	at org.junit.platform.console.tasks.ConsoleTestExecutor.executeTests(ConsoleTestExecutor.java:65)
	at org.junit.platform.console.tasks.ConsoleTestExecutor.lambda$execute$0(ConsoleTestExecutor.java:57)
	at org.junit.platform.console.tasks.CustomContextClassLoaderExecutor.replaceThreadContextClassLoaderAndInvoke(CustomContextClassLoaderExecutor.java:41)
	at org.junit.platform.console.tasks.CustomContextClassLoaderExecutor.invoke(CustomContextClassLoaderExecutor.java:31)
	at org.junit.platform.console.tasks.ConsoleTestExecutor.execute(ConsoleTestExecutor.java:57)
	at org.junit.platform.console.ConsoleLauncher.executeTests(ConsoleLauncher.java:84)
	at org.junit.platform.console.ConsoleLauncher.execute(ConsoleLauncher.java:74)
	at org.junit.platform.console.ConsoleLauncher.execute(ConsoleLauncher.java:47)
	at org.junit.platform.console.ConsoleLauncher.main(ConsoleLauncher.java:39)

[36m.[0m

Test run finished after 2 ms
[         0 containers found      ]
[         0 containers skipped    ]
[         0 containers started    ]
[         0 containers aborted    ]
[         0 containers successful ]
[         0 containers failed     ]
[         0 tests found           ]
[         0 tests skipped         ]
[         0 tests started         ]
[         0 tests aborted         ]
[         0 tests successful      ]
[         0 tests failed          ]

-------------------------------------------------
BitSetTest
BitSetTest.java:17: error: cannot find symbol
      IntSet set = new BitSet();
                       ^
  symbol:   class BitSet
  location: class BitSetTest
BitSetTest.java:32: error: cannot find symbol
      BitSet set = new BitSet();
      ^
  symbol:   class BitSet
  location: class BitSetTest
BitSetTest.java:32: error: cannot find symbol
      BitSet set = new BitSet();
                       ^
  symbol:   class BitSet
  location: class BitSetTest
BitSetTest.java:45: error: cannot find symbol
      BitSet set = new BitSet();
      ^
  symbol:   class BitSet
  location: class BitSetTest
BitSetTest.java:45: error: cannot find symbol
      BitSet set = new BitSet();
                       ^
  symbol:   class BitSet
  location: class BitSetTest
BitSetTest.java:61: error: cannot find symbol
      IntSet set = new ArraySet();
                       ^
  symbol:   class ArraySet
  location: class BitSetTest
BitSetTest.java:85: error: cannot find symbol
      BitSet set = new BitSet();
      ^
  symbol:   class BitSet
  location: class BitSetTest
BitSetTest.java:85: error: cannot find symbol
      BitSet set = new BitSet();
                       ^
  symbol:   class BitSet
  location: class BitSetTest
BitSetTest.java:108: error: cannot find symbol
      BitSet set = new BitSet();
      ^
  symbol:   class BitSet
  location: class BitSetTest
BitSetTest.java:108: error: cannot find symbol
      BitSet set = new BitSet();
                       ^
  symbol:   class BitSet
  location: class BitSetTest
BitSetTest.java:127: error: cannot find symbol
      BitSet set = new BitSet();
      ^
  symbol:   class BitSet
  location: class BitSetTest
BitSetTest.java:127: error: cannot find symbol
      BitSet set = new BitSet();
                       ^
  symbol:   class BitSet
  location: class BitSetTest
12 errors
Feb 28, 2019 12:43:59 AM org.junit.platform.launcher.core.DefaultLauncher handleThrowable
WARNING: TestEngine with ID 'junit-jupiter' failed to discover tests
org.junit.platform.commons.util.PreconditionViolationException: Could not load class with name: BitSetTest
	at org.junit.platform.engine.discovery.ClassSelector.lambda$getJavaClass$0(ClassSelector.java:73)
	at java.util.Optional.orElseThrow(Optional.java:290)
	at org.junit.platform.engine.discovery.ClassSelector.getJavaClass(ClassSelector.java:72)
	at org.junit.jupiter.engine.discovery.DiscoverySelectorResolver.lambda$resolve$3(DiscoverySelectorResolver.java:69)
	at java.util.ArrayList.forEach(ArrayList.java:1257)
	at org.junit.jupiter.engine.discovery.DiscoverySelectorResolver.resolve(DiscoverySelectorResolver.java:68)
	at org.junit.jupiter.engine.discovery.DiscoverySelectorResolver.resolveSelectors(DiscoverySelectorResolver.java:50)
	at org.junit.jupiter.engine.JupiterTestEngine.discover(JupiterTestEngine.java:61)
	at org.junit.platform.launcher.core.DefaultLauncher.discoverEngineRoot(DefaultLauncher.java:130)
	at org.junit.platform.launcher.core.DefaultLauncher.discoverRoot(DefaultLauncher.java:117)
	at org.junit.platform.launcher.core.DefaultLauncher.execute(DefaultLauncher.java:90)
	at org.junit.platform.console.tasks.ConsoleTestExecutor.executeTests(ConsoleTestExecutor.java:65)
	at org.junit.platform.console.tasks.ConsoleTestExecutor.lambda$execute$0(ConsoleTestExecutor.java:57)
	at org.junit.platform.console.tasks.CustomContextClassLoaderExecutor.replaceThreadContextClassLoaderAndInvoke(CustomContextClassLoaderExecutor.java:41)
	at org.junit.platform.console.tasks.CustomContextClassLoaderExecutor.invoke(CustomContextClassLoaderExecutor.java:31)
	at org.junit.platform.console.tasks.ConsoleTestExecutor.execute(ConsoleTestExecutor.java:57)
	at org.junit.platform.console.ConsoleLauncher.executeTests(ConsoleLauncher.java:84)
	at org.junit.platform.console.ConsoleLauncher.execute(ConsoleLauncher.java:74)
	at org.junit.platform.console.ConsoleLauncher.execute(ConsoleLauncher.java:47)
	at org.junit.platform.console.ConsoleLauncher.main(ConsoleLauncher.java:39)

Feb 28, 2019 12:43:59 AM org.junit.platform.launcher.core.DefaultLauncher handleThrowable
WARNING: TestEngine with ID 'junit-vintage' failed to discover tests
org.junit.platform.commons.util.PreconditionViolationException: Could not load class with name: BitSetTest
	at org.junit.platform.engine.discovery.ClassSelector.lambda$getJavaClass$0(ClassSelector.java:73)
	at java.util.Optional.orElseThrow(Optional.java:290)
	at org.junit.platform.engine.discovery.ClassSelector.getJavaClass(ClassSelector.java:72)
	at java.util.stream.ReferencePipeline$3$1.accept(ReferencePipeline.java:193)
	at java.util.ArrayList$ArrayListSpliterator.forEachRemaining(ArrayList.java:1382)
	at java.util.stream.AbstractPipeline.copyInto(AbstractPipeline.java:481)
	at java.util.stream.AbstractPipeline.wrapAndCopyInto(AbstractPipeline.java:471)
	at java.util.stream.ForEachOps$ForEachOp.evaluateSequential(ForEachOps.java:151)
	at java.util.stream.ForEachOps$ForEachOp$OfRef.evaluateSequential(ForEachOps.java:174)
	at java.util.stream.AbstractPipeline.evaluate(AbstractPipeline.java:234)
	at java.util.stream.ReferencePipeline.forEach(ReferencePipeline.java:418)
	at org.junit.vintage.engine.discovery.ClassSelectorResolver.resolve(ClassSelectorResolver.java:29)
	at org.junit.vintage.engine.discovery.VintageDiscoverer.collectTestClasses(VintageDiscoverer.java:64)
	at org.junit.vintage.engine.discovery.VintageDiscoverer.discover(VintageDiscoverer.java:51)
	at org.junit.vintage.engine.VintageTestEngine.discover(VintageTestEngine.java:61)
	at org.junit.platform.launcher.core.DefaultLauncher.discoverEngineRoot(DefaultLauncher.java:130)
	at org.junit.platform.launcher.core.DefaultLauncher.discoverRoot(DefaultLauncher.java:117)
	at org.junit.platform.launcher.core.DefaultLauncher.execute(DefaultLauncher.java:90)
	at org.junit.platform.console.tasks.ConsoleTestExecutor.executeTests(ConsoleTestExecutor.java:65)
	at org.junit.platform.console.tasks.ConsoleTestExecutor.lambda$execute$0(ConsoleTestExecutor.java:57)
	at org.junit.platform.console.tasks.CustomContextClassLoaderExecutor.replaceThreadContextClassLoaderAndInvoke(CustomContextClassLoaderExecutor.java:41)
	at org.junit.platform.console.tasks.CustomContextClassLoaderExecutor.invoke(CustomContextClassLoaderExecutor.java:31)
	at org.junit.platform.console.tasks.ConsoleTestExecutor.execute(ConsoleTestExecutor.java:57)
	at org.junit.platform.console.ConsoleLauncher.executeTests(ConsoleLauncher.java:84)
	at org.junit.platform.console.ConsoleLauncher.execute(ConsoleLauncher.java:74)
	at org.junit.platform.console.ConsoleLauncher.execute(ConsoleLauncher.java:47)
	at org.junit.platform.console.ConsoleLauncher.main(ConsoleLauncher.java:39)

[36m.[0m

Test run finished after 2 ms
[         0 containers found      ]
[         0 containers skipped    ]
[         0 containers started    ]
[         0 containers aborted    ]
[         0 containers successful ]
[         0 containers failed     ]
[         0 tests found           ]
[         0 tests skipped         ]
[         0 tests started         ]
[         0 tests aborted         ]
[         0 tests successful      ]
[         0 tests failed          ]

-------------------------------------------------
SetTest
-------------------------------------------------
cat: SetTest.java: No such file or directory
-------------------------------------------------
Files to process must be specified, found 0.
--------------------------------------------------
Submitted files other than Java
.idea
hw4.iml
out
scores.txt
src
--------------------------------------------------
commit 2fd0e5580e6e5ba4a7a730daece38353c0756a1b
Author: Mustafa <sarwarm00@yahoo.com>
Date:   Tue Feb 26 02:42:34 2019 -0800

    hw4 complete

:100644 100644 88897c5 38c0fbc M	hw4/.idea/workspace.xml
:100644 100644 ab901e8 a53e73b M	hw4/out/production/hw4/ArraySet.class
:100644 100644 ace043a 4b9bfe7 M	hw4/out/production/hw4/BitSet.class
:100644 000000 6c26ac9 0000000 D	hw4/out/production/hw4/BitsSet.class
:000000 100644 0000000 8fb6019 A	hw4/out/production/hw4/META-INF/hw4.kotlin_module
:100644 100644 416c124 6fcc236 M	hw4/src/ArraySet.java
:100644 100644 6d6761b 4836dc4 M	hw4/src/BitSet.java
:100644 000000 3ffb3da 0000000 D	hw4/src/BitsSet.java

commit ae35c5d789b9433dc61051883578b5d414fcf54f
Author: Mustafa <sarwarm00@yahoo.com>
Date:   Tue Feb 26 02:17:15 2019 -0800

    HW4 almost complete

:100644 100644 c970ba5 88897c5 M	hw4/.idea/workspace.xml
:100644 100644 065cc68 ab901e8 M	hw4/out/production/hw4/ArraySet.class
:100644 100644 6857eab ace043a M	hw4/out/production/hw4/BitSet.class
:100644 100644 c758c52 6c26ac9 M	hw4/out/production/hw4/BitsSet.class
:100644 100644 15204bc 2f8d670 M	hw4/out/production/hw4/SetTest.class
:100644 100644 ef53e12 416c124 M	hw4/src/ArraySet.java
:100644 100644 09a4e42 6d6761b M	hw4/src/BitSet.java
:100644 100644 bf7b117 3ffb3da M	hw4/src/BitsSet.java
:100644 100644 855dc9d d4cb76c M	hw4/src/SetTest.java

commit 5bf860a2cf6a969b2c3bdd19d5ec11d6429bae93
Author: Mustafa <sarwarm00@yahoo.com>
Date:   Tue Feb 26 00:21:23 2019 -0800

    BitSet max min null

:100644 100644 bd33edb c970ba5 M	hw4/.idea/workspace.xml
:100644 100644 b088c7e 065cc68 M	hw4/out/production/hw4/ArraySet.class
:100644 100644 cb80306 6857eab M	hw4/out/production/hw4/BitSet.class
:000000 100644 0000000 c758c52 A	hw4/out/production/hw4/BitsSet.class
:100644 100644 f49efcf 15204bc M	hw4/out/production/hw4/SetTest.class
:100644 100644 850cc16 ef53e12 M	hw4/src/ArraySet.java
:100644 100644 75cf457 09a4e42 M	hw4/src/BitSet.java
:000000 100644 0000000 bf7b117 A	hw4/src/BitsSet.java
:100644 100644 92db9be 855dc9d M	hw4/src/SetTest.java

commit 4ddb7bef603cd4f6b0f293050f0cc27e4bb1c09b
Author: Mustafa <sarwarm00@yahoo.com>
Date:   Sat Feb 23 19:13:10 2019 -0800

    hw4a done

:100644 100644 864b3a0 bd33edb M	hw4/.idea/workspace.xml

commit 5122efe7db49955b1148b51e71792c9a6bd30bd5
Author: Mustafa <sarwarm00@yahoo.com>
Date:   Sat Feb 23 19:12:02 2019 -0800

    hw4a complete

:100644 100644 b86452d 864b3a0 M	hw4/.idea/workspace.xml
:100644 100644 70de072 b088c7e M	hw4/out/production/hw4/ArraySet.class
:100644 100644 77bae66 f49efcf M	hw4/out/production/hw4/SetTest.class
:100644 100644 fbc296a 850cc16 M	hw4/src/ArraySet.java
:100644 100644 f291529 92db9be M	hw4/src/SetTest.java

commit 964ff1d0bf2928c1d7dfb391624048949ebb9194
Author: Mustafa <sarwarm00@yahoo.com>
Date:   Sat Feb 23 17:48:59 2019 -0800

    hw4 ArraySet Completed

:100644 100644 2826fc4 b86452d M	hw4/.idea/workspace.xml
:000000 100644 0000000 70de072 A	hw4/out/production/hw4/ArraySet.class
:000000 100644 0000000 cb80306 A	hw4/out/production/hw4/BitSet.class
:000000 100644 0000000 54d97f0 A	hw4/out/production/hw4/IntSet.class
:000000 100644 0000000 77bae66 A	hw4/out/production/hw4/SetTest.class
:100644 100644 123cef2 fbc296a M	hw4/src/ArraySet.java
:100644 100644 1a5b6f5 75cf457 M	hw4/src/BitSet.java
:100644 100644 6465e0c f291529 M	hw4/src/SetTest.java

commit 853acb5d050555e8ef5ca26bf3c56bb98f4841e5
Author: Mustafa <sarwarm00@yahoo.com>
Date:   Sat Feb 23 15:54:13 2019 -0800

    hw4 started

:000000 100644 0000000 3918e38 A	hw4/.idea/checkstyle-idea.xml
:000000 100644 0000000 712bc96 A	hw4/.idea/libraries/hamcrest_core_1_3.xml
:000000 100644 0000000 a0394e6 A	hw4/.idea/libraries/junit_4_12.xml
:100644 100644 0d44933 2826fc4 M	hw4/.idea/workspace.xml
:100644 100644 c90834f 68db467 M	hw4/hw4.iml
:100644 100644 577b660 123cef2 M	hw4/src/ArraySet.java
:100644 100644 6f56327 d5e1c69 M	hw4/src/IntSet.java
:100644 100644 b080a4b 6465e0c M	hw4/src/SetTest.java
:100644 100644 b31ba94 b36f6e3 M	lab9/.idea/workspace.xml
:100644 100644 1d70de2 c5956a8 M	lab9/src/SliderDemo.java

commit f99be00e8bc99cd90978c3c0580808c7bb6a497d
Author: Mustafa <sarwarm00@yahoo.com>
Date:   Thu Feb 21 16:14:42 2019 -0800

    hw4

:000000 100644 0000000 15a15b2 A	hw4/.idea/encodings.xml
:000000 100644 0000000 e0844bc A	hw4/.idea/misc.xml
:000000 100644 0000000 60c3a11 A	hw4/.idea/modules.xml
:000000 100644 0000000 6c0b863 A	hw4/.idea/vcs.xml
:000000 100644 0000000 0d44933 A	hw4/.idea/workspace.xml
:000000 100644 0000000 c90834f A	hw4/hw4.iml
:000000 100644 0000000 577b660 A	hw4/src/ArraySet.java
:000000 100644 0000000 1a5b6f5 A	hw4/src/BitSet.java
:000000 100644 0000000 6f56327 A	hw4/src/IntSet.java
:000000 100644 0000000 b080a4b A	hw4/src/SetTest.java

commit e124684144639bf923f92611c87ed82eeb29ad22
Author: Mustafa <sarwarm00@yahoo.com>
Date:   Thu Feb 21 16:13:45 2019 -0800

    lab9 Slider.java

:000000 100644 0000000 15a15b2 A	lab9/.idea/encodings.xml
:000000 100644 0000000 e0844bc A	lab9/.idea/misc.xml
:000000 100644 0000000 192179a A	lab9/.idea/modules.xml
:000000 100644 0000000 6c0b863 A	lab9/.idea/vcs.xml
:000000 100644 0000000 b31ba94 A	lab9/.idea/workspace.xml
:000000 100644 0000000 c90834f A	lab9/lab9.iml
:000000 100644 0000000 3dd0345 A	lab9/out/production/lab9/SliderDemo.class
:000000 100644 0000000 af7739e A	lab9/out/production/lab9/SliderFrame.class
:000000 100644 0000000 1d70de2 A	lab9/src/SliderDemo.java
